[0.009s] Invoking command in '/home/ryan/seirios-ros/src/movel_planning/coverage-path-planning/installation_dependencies/build/Project': PS1=\[\e[1;32m\][ryl]\[\e[39m\]\[\e[1;36m\]\t \[\e[39m\]\[\e[1;34m\]\u\[\e[1;37m\]\[\e[39m\]:\[\e[1;37m\]\w\[\e[39m\]\[\e[1;33m\]$(__git_ps1 ' (%s)')\[\e[39m\]\[\e[1;31m\]$(git_warning)\[\e[39m\] \[\e[1;34m\]$\[\e[39m\]\[\e[0m\] /usr/bin/cmake /home/ryan/seirios-ros/src/movel_planning/coverage-path-planning/installation_dependencies/src -DCMAKE_INSTALL_PREFIX=/home/ryan/seirios-ros/src/movel_planning/coverage-path-planning/installation_dependencies/install/Project
[0.204s] -- Using CATKIN_DEVEL_PREFIX: /home/ryan/seirios-ros/src/movel_planning/coverage-path-planning/installation_dependencies/build/Project/devel
[0.204s] -- Using CMAKE_PREFIX_PATH: /opt/ros/noetic
[0.204s] -- This workspace overlays: /opt/ros/noetic
[0.219s] -- Found PythonInterp: /usr/bin/python3 (found suitable version "3.8.5", minimum required is "3") 
[0.219s] -- Using PYTHON_EXECUTABLE: /usr/bin/python3
[0.219s] -- Using Debian Python package layout
[0.219s] -- Using empy: /home/ryan/.local/lib/python3.8/site-packages/em.py
[0.306s] -- Using CATKIN_ENABLE_TESTING: ON
[0.306s] -- Call enable_testing()
[0.307s] -- Using CATKIN_TEST_RESULTS_DIR: /home/ryan/seirios-ros/src/movel_planning/coverage-path-planning/installation_dependencies/build/Project/test_results
[0.328s] -- Forcing gtest/gmock from source, though one was otherwise available.
[0.328s] -- Found gtest sources under '/usr/src/googletest': gtests will be built
[0.328s] -- Found gmock sources under '/usr/src/googletest': gmock will be built
[0.346s] -- Found PythonInterp: /usr/bin/python3 (found version "3.8.5") 
[0.352s] -- Using Python nosetests: /usr/bin/nosetests3
[0.389s] -- catkin 0.8.9
[0.389s] -- BUILD_SHARED_LIBS is on
[0.484s] -- BUILD_SHARED_LIBS is on
[0.856s] -- ~~~~~~~~~~~~~~~~~~~~~~~~~~~~~~~~~~~~~~~~~~~~~~~~~
[0.856s] -- ~~  traversing 33 packages in topological order:
[0.856s] -- ~~  - cob_common (metapackage)
[0.856s] -- ~~  - cob_description
[0.857s] -- ~~  - cob_environments (metapackage)
[0.857s] -- ~~  - cob_navigation (metapackage)
[0.857s] -- ~~  - cob_navigation_config
[0.857s] -- ~~  - cob_supported_robots
[0.857s] -- ~~  - cob_srvs
[0.857s] -- ~~  - pr2_controllers (metapackage)
[0.858s] -- ~~  - pr2_mechanism (metapackage)
[0.858s] -- ~~  - raw_description
[0.858s] -- ~~  - cob_actions
[0.858s] -- ~~  - cob_msgs
[0.858s] -- ~~  - pr2_controllers_msgs
[0.858s] -- ~~  - pr2_hardware_interface
[0.858s] -- ~~  - cob_default_env_config
[0.858s] -- ~~  - cob_navigation_global
[0.858s] -- ~~  - cob_navigation_local
[0.859s] -- ~~  - joint_trajectory_action
[0.859s] -- ~~  - cob_object_detection_msgs
[0.859s] -- ~~  - cob_3d_mapping_msgs
[0.859s] -- ~~  - cob_phidgets
[0.859s] -- ~~  - single_joint_position_action
[0.859s] -- ~~  - cob_map_accessibility_analysis
[0.859s] -- ~~  - pr2_head_action
[0.859s] -- ~~  - pr2_mechanism_model
[0.859s] -- ~~  - pr2_controller_interface
[0.859s] -- ~~  - ethercat_trigger_controllers
[0.859s] -- ~~  - pr2_mechanism_diagnostics
[0.859s] -- ~~  - pr2_controller_manager
[0.859s] -- ~~  - robot_mechanism_controllers
[0.859s] -- ~~  - pr2_mechanism_controllers
[0.859s] -- ~~  - pr2_calibration_controllers
[0.859s] -- ~~  - pr2_gripper_action
[0.859s] -- ~~~~~~~~~~~~~~~~~~~~~~~~~~~~~~~~~~~~~~~~~~~~~~~~~
[0.859s] -- +++ processing catkin metapackage: 'cob_common'
[0.859s] -- ==> add_subdirectory(cob_common/cob_common)
[0.897s] -- +++ processing catkin package: 'cob_description'
[0.897s] -- ==> add_subdirectory(cob_common/cob_description)
[1.008s] -- Installing devel-space wrapper /home/ryan/seirios-ros/src/movel_planning/coverage-path-planning/installation_dependencies/src/cob_common/cob_description/test/test_urdf.py to /home/ryan/seirios-ros/src/movel_planning/coverage-path-planning/installation_dependencies/build/Project/devel/lib/cob_description
[1.008s] -- +++ processing catkin metapackage: 'cob_environments'
[1.008s] -- ==> add_subdirectory(cob_environments/cob_environments)
[1.050s] -- +++ processing catkin metapackage: 'cob_navigation'
[1.051s] -- ==> add_subdirectory(cob_navigation/cob_navigation)
[1.089s] -- +++ processing catkin package: 'cob_navigation_config'
[1.089s] -- ==> add_subdirectory(cob_navigation/cob_navigation_config)
[1.200s] -- +++ processing catkin package: 'cob_supported_robots'
[1.200s] -- ==> add_subdirectory(cob_navigation/cob_supported_robots)
[1.310s] -- +++ processing catkin package: 'cob_srvs'
[1.310s] -- ==> add_subdirectory(cob_common/cob_srvs)
[1.316s] -- Using these message generators: gencpp;geneus;genlisp;gennodejs;genpy
[1.410s] -- cob_srvs: 0 messages, 3 services
[1.535s] -- +++ processing catkin metapackage: 'pr2_controllers'
[1.535s] -- ==> add_subdirectory(pr2_controllers/pr2_controllers)
[1.575s] -- +++ processing catkin metapackage: 'pr2_mechanism'
[1.575s] -- ==> add_subdirectory(pr2_mechanism/pr2_mechanism)
[1.613s] -- +++ processing catkin package: 'raw_description'
[1.613s] -- ==> add_subdirectory(cob_common/raw_description)
[1.722s] -- +++ processing catkin package: 'cob_actions'
[1.722s] -- ==> add_subdirectory(cob_common/cob_actions)
[1.739s] -- Using these message generators: gencpp;geneus;genlisp;gennodejs;genpy
[1.787s] -- Generating .msg files for action cob_actions/SetBool /home/ryan/seirios-ros/src/movel_planning/coverage-path-planning/installation_dependencies/src/cob_common/cob_actions/action/SetBool.action
[1.789s] -- Generating .msg files for action cob_actions/SetFloat /home/ryan/seirios-ros/src/movel_planning/coverage-path-planning/installation_dependencies/src/cob_common/cob_actions/action/SetFloat.action
[1.790s] -- Generating .msg files for action cob_actions/SetInt /home/ryan/seirios-ros/src/movel_planning/coverage-path-planning/installation_dependencies/src/cob_common/cob_actions/action/SetInt.action
[1.792s] -- Generating .msg files for action cob_actions/SetString /home/ryan/seirios-ros/src/movel_planning/coverage-path-planning/installation_dependencies/src/cob_common/cob_actions/action/SetString.action
[1.907s] -- cob_actions: 28 messages, 0 services
[2.054s] -- +++ processing catkin package: 'cob_msgs'
[2.054s] -- ==> add_subdirectory(cob_common/cob_msgs)
[2.073s] -- Using these message generators: gencpp;geneus;genlisp;gennodejs;genpy
[2.234s] -- cob_msgs: 6 messages, 0 services
[2.385s] -- +++ processing catkin package: 'pr2_controllers_msgs'
[2.385s] -- ==> add_subdirectory(pr2_controllers/pr2_controllers_msgs)
[2.403s] -- Using these message generators: gencpp;geneus;genlisp;gennodejs;genpy
[2.470s] -- Generating .msg files for action pr2_controllers_msgs/JointTrajectory /home/ryan/seirios-ros/src/movel_planning/coverage-path-planning/installation_dependencies/src/pr2_controllers/pr2_controllers_msgs/action/JointTrajectory.action
[2.472s] -- Generating .msg files for action pr2_controllers_msgs/PointHead /home/ryan/seirios-ros/src/movel_planning/coverage-path-planning/installation_dependencies/src/pr2_controllers/pr2_controllers_msgs/action/PointHead.action
[2.473s] -- Generating .msg files for action pr2_controllers_msgs/Pr2GripperCommand /home/ryan/seirios-ros/src/movel_planning/coverage-path-planning/installation_dependencies/src/pr2_controllers/pr2_controllers_msgs/action/Pr2GripperCommand.action
[2.475s] -- Generating .msg files for action pr2_controllers_msgs/SingleJointPosition /home/ryan/seirios-ros/src/movel_planning/coverage-path-planning/installation_dependencies/src/pr2_controllers/pr2_controllers_msgs/action/SingleJointPosition.action
[2.606s] -- pr2_controllers_msgs: 31 messages, 2 services
[2.778s] -- +++ processing catkin package: 'pr2_hardware_interface'
[2.778s] -- ==> add_subdirectory(pr2_mechanism/pr2_hardware_interface)
[3.138s] -- +++ processing catkin package: 'cob_default_env_config'
[3.138s] -- ==> add_subdirectory(cob_environments/cob_default_env_config)
[3.265s] testing for env: empty
[3.267s] testing for env: ipa-apartment
[3.268s] testing for env: ipa-kitchen
[3.268s] testing for env: ipa-office
[3.269s] testing for env: ipa-production-plant
[3.270s] testing for env: izs-campus
[3.271s] testing for env: izs-carpark-top
[3.272s] -- +++ processing catkin package: 'cob_navigation_global'
[3.273s] -- ==> add_subdirectory(cob_navigation/cob_navigation_global)
[3.385s] testing for robot: cob4-3 in env: empty
[3.387s] testing for robot: cob4-4 in env: empty
[3.388s] testing for robot: cob4-5 in env: empty
[3.389s] testing for robot: cob4-6 in env: empty
[3.390s] testing for robot: cob4-7 in env: empty
[3.391s] testing for robot: cob4-8 in env: empty
[3.392s] testing for robot: cob4-9 in env: empty
[3.393s] testing for robot: cob4-10 in env: empty
[3.394s] testing for robot: cob4-11 in env: empty
[3.395s] testing for robot: cob4-13 in env: empty
[3.396s] testing for robot: cob4-16 in env: empty
[3.397s] testing for robot: cob4-18 in env: empty
[3.398s] testing for robot: cob4-20 in env: empty
[3.399s] testing for robot: cob4-23 in env: empty
[3.400s] testing for robot: cob4-24 in env: empty
[3.401s] testing for robot: cob4-25 in env: empty
[3.402s] testing for robot: raw3-1 in env: empty
[3.403s] testing for robot: raw3-3 in env: empty
[3.404s] testing for robot: raw3-5 in env: empty
[3.405s] -- +++ processing catkin package: 'cob_navigation_local'
[3.406s] -- ==> add_subdirectory(cob_navigation/cob_navigation_local)
[3.517s] testing for robot: cob4-3
[3.518s] testing for robot: cob4-4
[3.519s] testing for robot: cob4-5
[3.520s] testing for robot: cob4-6
[3.521s] testing for robot: cob4-7
[3.522s] testing for robot: cob4-8
[3.523s] testing for robot: cob4-9
[3.524s] testing for robot: cob4-10
[3.525s] testing for robot: cob4-11
[3.526s] testing for robot: cob4-13
[3.527s] testing for robot: cob4-16
[3.528s] testing for robot: cob4-18
[3.529s] testing for robot: cob4-20
[3.530s] testing for robot: cob4-23
[3.531s] testing for robot: cob4-24
[3.532s] testing for robot: cob4-25
[3.533s] testing for robot: raw3-1
[3.534s] testing for robot: raw3-3
[3.535s] testing for robot: raw3-5
[3.536s] -- +++ processing catkin package: 'joint_trajectory_action'
[3.536s] -- ==> add_subdirectory(pr2_controllers/joint_trajectory_action)
[3.576s] -- Using these message generators: gencpp;geneus;genlisp;gennodejs;genpy
[3.751s] -- +++ processing catkin package: 'cob_object_detection_msgs'
[3.751s] -- ==> add_subdirectory(cob_object_detection_msgs)
[3.768s] -- Using these message generators: gencpp;geneus;genlisp;gennodejs;genpy
[3.834s] -- Generating .msg files for action cob_object_detection_msgs/AcquireObjectImage /home/ryan/seirios-ros/src/movel_planning/coverage-path-planning/installation_dependencies/src/cob_object_detection_msgs/action/AcquireObjectImage.action
[3.836s] -- Generating .msg files for action cob_object_detection_msgs/DetectObjects /home/ryan/seirios-ros/src/movel_planning/coverage-path-planning/installation_dependencies/src/cob_object_detection_msgs/action/DetectObjects.action
[3.838s] -- Generating .msg files for action cob_object_detection_msgs/TrainObject /home/ryan/seirios-ros/src/movel_planning/coverage-path-planning/installation_dependencies/src/cob_object_detection_msgs/action/TrainObject.action
[3.973s] -- cob_object_detection_msgs: 28 messages, 8 services
[4.160s] -- Installing devel-space wrapper /home/ryan/seirios-ros/src/movel_planning/coverage-path-planning/installation_dependencies/src/cob_object_detection_msgs/test/detection_component_testing.py to /home/ryan/seirios-ros/src/movel_planning/coverage-path-planning/installation_dependencies/build/Project/devel/lib/cob_object_detection_msgs
[4.160s] -- +++ processing catkin package: 'cob_3d_mapping_msgs'
[4.161s] -- ==> add_subdirectory(cob_3d_mapping_msgs)
[4.178s] -- Using these message generators: gencpp;geneus;genlisp;gennodejs;genpy
[4.272s] -- Generating .msg files for action cob_3d_mapping_msgs/PlaneExtraction /home/ryan/seirios-ros/src/movel_planning/coverage-path-planning/installation_dependencies/src/cob_3d_mapping_msgs/action/PlaneExtraction.action
[4.274s] -- Generating .msg files for action cob_3d_mapping_msgs/TableObjectCluster /home/ryan/seirios-ros/src/movel_planning/coverage-path-planning/installation_dependencies/src/cob_3d_mapping_msgs/action/TableObjectCluster.action
[4.276s] -- Generating .msg files for action cob_3d_mapping_msgs/Trigger /home/ryan/seirios-ros/src/movel_planning/coverage-path-planning/installation_dependencies/src/cob_3d_mapping_msgs/action/Trigger.action
[4.434s] -- cob_3d_mapping_msgs: 33 messages, 13 services
[4.607s] -- +++ processing catkin package: 'cob_phidgets'
[4.608s] -- ==> add_subdirectory(cob_driver/cob_phidgets)
[4.614s] -- Using these message generators: gencpp;geneus;genlisp;gennodejs;genpy
[4.790s] -- cob_phidgets: 2 messages, 3 services
[4.923s] -- Installing devel-space wrapper /home/ryan/seirios-ros/src/movel_planning/coverage-path-planning/installation_dependencies/src/cob_driver/cob_phidgets/ros/src/simulated_range_sensors.py to /home/ryan/seirios-ros/src/movel_planning/coverage-path-planning/installation_dependencies/build/Project/devel/lib/cob_phidgets/ros/src
[4.923s] -- +++ processing catkin package: 'single_joint_position_action'
[4.923s] -- ==> add_subdirectory(pr2_controllers/single_joint_position_action)
[4.963s] -- Using these message generators: gencpp;geneus;genlisp;gennodejs;genpy
[5.182s] -- +++ processing catkin package: 'cob_map_accessibility_analysis'
[5.182s] -- ==> add_subdirectory(cob_navigation/cob_map_accessibility_analysis)
[5.203s] -- Using these message generators: gencpp;geneus;genlisp;gennodejs;genpy
[5.655s] -- Found Boost: /usr/lib/x86_64-linux-gnu/cmake/Boost-1.71.0/BoostConfig.cmake (found version "1.71.0")  
[6.001s] -- cob_map_accessibility_analysis: 0 messages, 2 services
[6.170s] -- Installing devel-space wrapper /home/ryan/seirios-ros/src/movel_planning/coverage-path-planning/installation_dependencies/src/cob_navigation/cob_map_accessibility_analysis/ros/scripts/example_blocked_goal_alternative.py to /home/ryan/seirios-ros/src/movel_planning/coverage-path-planning/installation_dependencies/build/Project/devel/lib/cob_map_accessibility_analysis
[6.171s] -- +++ processing catkin package: 'pr2_head_action'
[6.171s] -- ==> add_subdirectory(pr2_controllers/pr2_head_action)
[6.200s] -- Using these message generators: gencpp;geneus;genlisp;gennodejs;genpy
[6.354s] -- Found Boost: /usr/lib/x86_64-linux-gnu/cmake/Boost-1.71.0/BoostConfig.cmake (found version "1.71.0") found components: thread 
[6.467s] -- +++ processing catkin package: 'pr2_mechanism_model'
[6.467s] -- ==> add_subdirectory(pr2_mechanism/pr2_mechanism_model)
[6.737s] Install RPATH for pr2_mechanism_model is /home/ryan/seirios-ros/src/movel_planning/coverage-path-planning/installation_dependencies/install/Project/lib:/opt/ros/noetic/lib:/opt/ros/noetic/lib/x86_64-linux-gnu
[6.740s] -- +++ processing catkin package: 'pr2_controller_interface'
[6.740s] -- ==> add_subdirectory(pr2_mechanism/pr2_controller_interface)
[7.019s] -- +++ processing catkin package: 'ethercat_trigger_controllers'
[7.019s] -- ==> add_subdirectory(pr2_controllers/ethercat_trigger_controllers)
[7.133s] -- Using these message generators: gencpp;geneus;genlisp;gennodejs;genpy
[7.294s] -- ethercat_trigger_controllers: 2 messages, 2 services
[7.416s] Install RPATH for ethercat_trigger_controllers is /home/ryan/seirios-ros/src/movel_planning/coverage-path-planning/installation_dependencies/install/Project/lib:/opt/ros/noetic/lib:/opt/ros/noetic/lib/x86_64-linux-gnu
[7.416s] -- +++ processing catkin package: 'pr2_mechanism_diagnostics'
[7.416s] -- ==> add_subdirectory(pr2_mechanism/pr2_mechanism_diagnostics)
[7.569s] -- Checking for module 'eigen3'
[7.579s] --   Found eigen3, version 3.3.7
[7.727s] -- +++ processing catkin package: 'pr2_controller_manager'
[7.727s] -- ==> add_subdirectory(pr2_mechanism/pr2_controller_manager)
[7.899s] -- Found Boost: /usr/lib/x86_64-linux-gnu/cmake/Boost-1.71.0/BoostConfig.cmake (found version "1.71.0") found components: system thread 
[8.014s] Install RPATH for controller_test is /home/ryan/seirios-ros/src/movel_planning/coverage-path-planning/installation_dependencies/install/Project/lib:/opt/ros/noetic/lib:/opt/ros/noetic/lib/x86_64-linux-gnu
[8.191s] -- +++ processing catkin package: 'robot_mechanism_controllers'
[8.191s] -- ==> add_subdirectory(pr2_controllers/robot_mechanism_controllers)
[8.260s] -- Using these message generators: gencpp;geneus;genlisp;gennodejs;genpy
[8.497s] -- Found Boost: /usr/lib/x86_64-linux-gnu/cmake/Boost-1.71.0/BoostConfig.cmake (found version "1.71.0")  
[8.590s] -- robot_mechanism_controllers: 1 messages, 0 services
[8.711s] Install RPATH for robot_mechanism_controllers is /home/ryan/seirios-ros/src/movel_planning/coverage-path-planning/installation_dependencies/install/Project/lib:/opt/ros/noetic/lib:/opt/ros/noetic/lib/x86_64-linux-gnu
[8.711s] -- +++ processing catkin package: 'pr2_mechanism_controllers'
[8.711s] -- ==> add_subdirectory(pr2_controllers/pr2_mechanism_controllers)
[8.735s] -- Using these message generators: gencpp;geneus;genlisp;gennodejs;genpy
[8.737s] -- Could NOT find pr2_msgs (missing: pr2_msgs_DIR)
[8.737s] -- Could not find the required component 'pr2_msgs'. The following CMake error indicates that you either need to install the package with the same name or change your environment so that it can be found.
[8.737s] CMake Error at /opt/ros/noetic/share/catkin/cmake/catkinConfig.cmake:83 (find_package):
[8.737s]   Could not find a package configuration file provided by "pr2_msgs" with any
[8.737s]   of the following names:
[8.737s] 
[8.737s]     pr2_msgsConfig.cmake
[8.737s]     pr2_msgs-config.cmake
[8.737s] 
[8.737s]   Add the installation prefix of "pr2_msgs" to CMAKE_PREFIX_PATH or set
[8.737s]   "pr2_msgs_DIR" to a directory containing one of the above files.  If
[8.738s]   "pr2_msgs" provides a separate development package or SDK, be sure it has
[8.738s]   been installed.
[8.738s] Call Stack (most recent call first):
[8.738s]   pr2_controllers/pr2_mechanism_controllers/CMakeLists.txt:6 (find_package)
[8.738s] 
[8.738s] 
[8.747s] -- Configuring incomplete, errors occurred!
[8.747s] See also "/home/ryan/seirios-ros/src/movel_planning/coverage-path-planning/installation_dependencies/build/Project/CMakeFiles/CMakeOutput.log".
[8.747s] See also "/home/ryan/seirios-ros/src/movel_planning/coverage-path-planning/installation_dependencies/build/Project/CMakeFiles/CMakeError.log".
[8.771s] Invoked command in '/home/ryan/seirios-ros/src/movel_planning/coverage-path-planning/installation_dependencies/build/Project' returned '1': PS1=\[\e[1;32m\][ryl]\[\e[39m\]\[\e[1;36m\]\t \[\e[39m\]\[\e[1;34m\]\u\[\e[1;37m\]\[\e[39m\]:\[\e[1;37m\]\w\[\e[39m\]\[\e[1;33m\]$(__git_ps1 ' (%s)')\[\e[39m\]\[\e[1;31m\]$(git_warning)\[\e[39m\] \[\e[1;34m\]$\[\e[39m\]\[\e[0m\] /usr/bin/cmake /home/ryan/seirios-ros/src/movel_planning/coverage-path-planning/installation_dependencies/src -DCMAKE_INSTALL_PREFIX=/home/ryan/seirios-ros/src/movel_planning/coverage-path-planning/installation_dependencies/install/Project
