testing for env: empty
testing for env: ipa-apartment
testing for env: ipa-kitchen
testing for env: ipa-office
testing for env: ipa-production-plant
testing for env: izs-campus
testing for env: izs-carpark-top
testing for robot: cob4-3 in env: empty
testing for robot: cob4-4 in env: empty
testing for robot: cob4-5 in env: empty
testing for robot: cob4-6 in env: empty
testing for robot: cob4-7 in env: empty
testing for robot: cob4-8 in env: empty
testing for robot: cob4-9 in env: empty
testing for robot: cob4-10 in env: empty
testing for robot: cob4-11 in env: empty
testing for robot: cob4-13 in env: empty
testing for robot: cob4-16 in env: empty
testing for robot: cob4-18 in env: empty
testing for robot: cob4-20 in env: empty
testing for robot: cob4-23 in env: empty
testing for robot: cob4-24 in env: empty
testing for robot: cob4-25 in env: empty
testing for robot: raw3-1 in env: empty
testing for robot: raw3-3 in env: empty
testing for robot: raw3-5 in env: empty
testing for robot: cob4-3
testing for robot: cob4-4
testing for robot: cob4-5
testing for robot: cob4-6
testing for robot: cob4-7
testing for robot: cob4-8
testing for robot: cob4-9
testing for robot: cob4-10
testing for robot: cob4-11
testing for robot: cob4-13
testing for robot: cob4-16
testing for robot: cob4-18
testing for robot: cob4-20
testing for robot: cob4-23
testing for robot: cob4-24
testing for robot: cob4-25
testing for robot: raw3-1
testing for robot: raw3-3
testing for robot: raw3-5
Install RPATH for pr2_mechanism_model is /home/ryan/seirios-ros/src/movel_planning/coverage-path-planning/installation_dependencies/install/Project/lib:/opt/ros/noetic/lib:/opt/ros/noetic/lib/x86_64-linux-gnu
Install RPATH for ethercat_trigger_controllers is /home/ryan/seirios-ros/src/movel_planning/coverage-path-planning/installation_dependencies/install/Project/lib:/opt/ros/noetic/lib:/opt/ros/noetic/lib/x86_64-linux-gnu
CMake Error at /opt/ros/noetic/share/catkin/cmake/catkinConfig.cmake:83 (find_package):
  Could not find a package configuration file provided by
  "pr2_mechanism_msgs" with any of the following names:

    pr2_mechanism_msgsConfig.cmake
    pr2_mechanism_msgs-config.cmake

  Add the installation prefix of "pr2_mechanism_msgs" to CMAKE_PREFIX_PATH or
  set "pr2_mechanism_msgs_DIR" to a directory containing one of the above
  files.  If "pr2_mechanism_msgs" provides a separate development package or
  SDK, be sure it has been installed.
Call Stack (most recent call first):
  pr2_mechanism/pr2_mechanism_diagnostics/CMakeLists.txt:6 (find_package)


