[0.008s] Invoking command in '/home/ryan/seirios-ros/src/movel_planning/coverage-path-planning/installation_dependencies/build/Project': PS1=\[\e[1;32m\][ryl]\[\e[39m\]\[\e[1;36m\]\t \[\e[39m\]\[\e[1;34m\]\u\[\e[1;37m\]\[\e[39m\]:\[\e[1;37m\]\w\[\e[39m\]\[\e[1;33m\]$(__git_ps1 ' (%s)')\[\e[39m\]\[\e[1;31m\]$(git_warning)\[\e[39m\] \[\e[1;34m\]$\[\e[39m\]\[\e[0m\] /usr/bin/cmake /home/ryan/seirios-ros/src/movel_planning/coverage-path-planning/installation_dependencies/src -DCMAKE_INSTALL_PREFIX=/home/ryan/seirios-ros/src/movel_planning/coverage-path-planning/installation_dependencies/install/Project
[0.053s] -- The C compiler identification is GNU 9.3.0
[0.095s] -- The CXX compiler identification is GNU 9.3.0
[0.099s] -- Check for working C compiler: /usr/bin/cc
[0.149s] -- Check for working C compiler: /usr/bin/cc -- works
[0.150s] -- Detecting C compiler ABI info
[0.204s] -- Detecting C compiler ABI info - done
[0.217s] -- Detecting C compile features
[0.217s] -- Detecting C compile features - done
[0.221s] -- Check for working CXX compiler: /usr/bin/c++
[0.308s] -- Check for working CXX compiler: /usr/bin/c++ -- works
[0.309s] -- Detecting CXX compiler ABI info
[0.392s] -- Detecting CXX compiler ABI info - done
[0.412s] -- Detecting CXX compile features
[0.413s] -- Detecting CXX compile features - done
[0.613s] -- Using CATKIN_DEVEL_PREFIX: /home/ryan/seirios-ros/src/movel_planning/coverage-path-planning/installation_dependencies/build/Project/devel
[0.613s] -- Using CMAKE_PREFIX_PATH: /opt/ros/noetic
[0.613s] -- This workspace overlays: /opt/ros/noetic
[0.629s] -- Found PythonInterp: /usr/bin/python3 (found suitable version "3.8.5", minimum required is "3") 
[0.629s] -- Using PYTHON_EXECUTABLE: /usr/bin/python3
[0.629s] -- Using Debian Python package layout
[0.651s] -- Found PY_em: /home/ryan/.local/lib/python3.8/site-packages/em.py  
[0.651s] -- Using empy: /home/ryan/.local/lib/python3.8/site-packages/em.py
[0.738s] -- Using CATKIN_ENABLE_TESTING: ON
[0.738s] -- Call enable_testing()
[0.740s] -- Using CATKIN_TEST_RESULTS_DIR: /home/ryan/seirios-ros/src/movel_planning/coverage-path-planning/installation_dependencies/build/Project/test_results
[0.968s] -- Forcing gtest/gmock from source, though one was otherwise available.
[0.968s] -- Found gtest sources under '/usr/src/googletest': gtests will be built
[0.968s] -- Found gmock sources under '/usr/src/googletest': gmock will be built
[0.985s] -- Found PythonInterp: /usr/bin/python3 (found version "3.8.5") 
[0.987s] -- Found Threads: TRUE  
[0.992s] -- Using Python nosetests: /usr/bin/nosetests3
[1.035s] -- catkin 0.8.9
[1.035s] -- BUILD_SHARED_LIBS is on
[1.130s] -- BUILD_SHARED_LIBS is on
[1.504s] -- ~~~~~~~~~~~~~~~~~~~~~~~~~~~~~~~~~~~~~~~~~~~~~~~~~
[1.504s] -- ~~  traversing 33 packages in topological order:
[1.504s] -- ~~  - cob_common (metapackage)
[1.504s] -- ~~  - cob_description
[1.504s] -- ~~  - cob_environments (metapackage)
[1.505s] -- ~~  - cob_navigation (metapackage)
[1.505s] -- ~~  - cob_navigation_config
[1.505s] -- ~~  - cob_supported_robots
[1.505s] -- ~~  - cob_srvs
[1.505s] -- ~~  - pr2_controllers (metapackage)
[1.506s] -- ~~  - pr2_mechanism (metapackage)
[1.506s] -- ~~  - raw_description
[1.506s] -- ~~  - cob_actions
[1.506s] -- ~~  - cob_msgs
[1.506s] -- ~~  - pr2_controllers_msgs
[1.506s] -- ~~  - pr2_hardware_interface
[1.507s] -- ~~  - cob_default_env_config
[1.507s] -- ~~  - cob_navigation_global
[1.507s] -- ~~  - cob_navigation_local
[1.507s] -- ~~  - joint_trajectory_action
[1.507s] -- ~~  - cob_object_detection_msgs
[1.507s] -- ~~  - cob_3d_mapping_msgs
[1.507s] -- ~~  - cob_phidgets
[1.507s] -- ~~  - single_joint_position_action
[1.507s] -- ~~  - cob_map_accessibility_analysis
[1.507s] -- ~~  - pr2_head_action
[1.507s] -- ~~  - pr2_mechanism_model
[1.507s] -- ~~  - pr2_controller_interface
[1.507s] -- ~~  - ethercat_trigger_controllers
[1.507s] -- ~~  - pr2_mechanism_diagnostics
[1.507s] -- ~~  - pr2_controller_manager
[1.507s] -- ~~  - robot_mechanism_controllers
[1.507s] -- ~~  - pr2_mechanism_controllers
[1.507s] -- ~~  - pr2_calibration_controllers
[1.507s] -- ~~  - pr2_gripper_action
[1.508s] -- ~~~~~~~~~~~~~~~~~~~~~~~~~~~~~~~~~~~~~~~~~~~~~~~~~
[1.508s] -- +++ processing catkin metapackage: 'cob_common'
[1.508s] -- ==> add_subdirectory(cob_common/cob_common)
[1.548s] -- +++ processing catkin package: 'cob_description'
[1.548s] -- ==> add_subdirectory(cob_common/cob_description)
[1.659s] -- Installing devel-space wrapper /home/ryan/seirios-ros/src/movel_planning/coverage-path-planning/installation_dependencies/src/cob_common/cob_description/test/test_urdf.py to /home/ryan/seirios-ros/src/movel_planning/coverage-path-planning/installation_dependencies/build/Project/devel/lib/cob_description
[1.659s] -- +++ processing catkin metapackage: 'cob_environments'
[1.660s] -- ==> add_subdirectory(cob_environments/cob_environments)
[1.698s] -- +++ processing catkin metapackage: 'cob_navigation'
[1.698s] -- ==> add_subdirectory(cob_navigation/cob_navigation)
[1.736s] -- +++ processing catkin package: 'cob_navigation_config'
[1.737s] -- ==> add_subdirectory(cob_navigation/cob_navigation_config)
[1.846s] -- +++ processing catkin package: 'cob_supported_robots'
[1.846s] -- ==> add_subdirectory(cob_navigation/cob_supported_robots)
[1.955s] -- +++ processing catkin package: 'cob_srvs'
[1.955s] -- ==> add_subdirectory(cob_common/cob_srvs)
[1.964s] -- Using these message generators: gencpp;geneus;genlisp;gennodejs;genpy
[2.057s] -- cob_srvs: 0 messages, 3 services
[2.173s] -- +++ processing catkin metapackage: 'pr2_controllers'
[2.173s] -- ==> add_subdirectory(pr2_controllers/pr2_controllers)
[2.211s] -- +++ processing catkin metapackage: 'pr2_mechanism'
[2.211s] -- ==> add_subdirectory(pr2_mechanism/pr2_mechanism)
[2.250s] -- +++ processing catkin package: 'raw_description'
[2.250s] -- ==> add_subdirectory(cob_common/raw_description)
[2.359s] -- +++ processing catkin package: 'cob_actions'
[2.359s] -- ==> add_subdirectory(cob_common/cob_actions)
[2.379s] -- Using these message generators: gencpp;geneus;genlisp;gennodejs;genpy
[2.427s] -- Generating .msg files for action cob_actions/SetBool /home/ryan/seirios-ros/src/movel_planning/coverage-path-planning/installation_dependencies/src/cob_common/cob_actions/action/SetBool.action
[2.445s] Generating for action SetBool
[2.449s] -- Generating .msg files for action cob_actions/SetFloat /home/ryan/seirios-ros/src/movel_planning/coverage-path-planning/installation_dependencies/src/cob_common/cob_actions/action/SetFloat.action
[2.466s] Generating for action SetFloat
[2.470s] -- Generating .msg files for action cob_actions/SetInt /home/ryan/seirios-ros/src/movel_planning/coverage-path-planning/installation_dependencies/src/cob_common/cob_actions/action/SetInt.action
[2.487s] Generating for action SetInt
[2.491s] -- Generating .msg files for action cob_actions/SetString /home/ryan/seirios-ros/src/movel_planning/coverage-path-planning/installation_dependencies/src/cob_common/cob_actions/action/SetString.action
[2.508s] Generating for action SetString
[2.625s] -- cob_actions: 28 messages, 0 services
[2.769s] -- +++ processing catkin package: 'cob_msgs'
[2.769s] -- ==> add_subdirectory(cob_common/cob_msgs)
[2.787s] -- Using these message generators: gencpp;geneus;genlisp;gennodejs;genpy
[2.929s] -- cob_msgs: 6 messages, 0 services
[3.049s] -- +++ processing catkin package: 'pr2_controllers_msgs'
[3.049s] -- ==> add_subdirectory(pr2_controllers/pr2_controllers_msgs)
[3.065s] -- Using these message generators: gencpp;geneus;genlisp;gennodejs;genpy
[3.121s] -- Generating .msg files for action pr2_controllers_msgs/JointTrajectory /home/ryan/seirios-ros/src/movel_planning/coverage-path-planning/installation_dependencies/src/pr2_controllers/pr2_controllers_msgs/action/JointTrajectory.action
[3.138s] Generating for action JointTrajectory
[3.142s] -- Generating .msg files for action pr2_controllers_msgs/PointHead /home/ryan/seirios-ros/src/movel_planning/coverage-path-planning/installation_dependencies/src/pr2_controllers/pr2_controllers_msgs/action/PointHead.action
[3.160s] Generating for action PointHead
[3.164s] -- Generating .msg files for action pr2_controllers_msgs/Pr2GripperCommand /home/ryan/seirios-ros/src/movel_planning/coverage-path-planning/installation_dependencies/src/pr2_controllers/pr2_controllers_msgs/action/Pr2GripperCommand.action
[3.182s] Generating for action Pr2GripperCommand
[3.186s] -- Generating .msg files for action pr2_controllers_msgs/SingleJointPosition /home/ryan/seirios-ros/src/movel_planning/coverage-path-planning/installation_dependencies/src/pr2_controllers/pr2_controllers_msgs/action/SingleJointPosition.action
[3.203s] Generating for action SingleJointPosition
[3.323s] -- pr2_controllers_msgs: 31 messages, 2 services
[3.477s] -- +++ processing catkin package: 'pr2_hardware_interface'
[3.477s] -- ==> add_subdirectory(pr2_mechanism/pr2_hardware_interface)
[3.739s] -- +++ processing catkin package: 'cob_default_env_config'
[3.739s] -- ==> add_subdirectory(cob_environments/cob_default_env_config)
[3.851s] testing for env: empty
[3.852s] testing for env: ipa-apartment
[3.853s] testing for env: ipa-kitchen
[3.854s] testing for env: ipa-office
[3.855s] testing for env: ipa-production-plant
[3.856s] testing for env: izs-campus
[3.857s] testing for env: izs-carpark-top
[3.858s] -- +++ processing catkin package: 'cob_navigation_global'
[3.858s] -- ==> add_subdirectory(cob_navigation/cob_navigation_global)
[3.971s] testing for robot: cob4-3 in env: empty
[3.972s] testing for robot: cob4-4 in env: empty
[3.973s] testing for robot: cob4-5 in env: empty
[3.974s] testing for robot: cob4-6 in env: empty
[3.975s] testing for robot: cob4-7 in env: empty
[3.976s] testing for robot: cob4-8 in env: empty
[3.977s] testing for robot: cob4-9 in env: empty
[3.978s] testing for robot: cob4-10 in env: empty
[3.979s] testing for robot: cob4-11 in env: empty
[3.981s] testing for robot: cob4-13 in env: empty
[3.982s] testing for robot: cob4-16 in env: empty
[3.983s] testing for robot: cob4-18 in env: empty
[3.984s] testing for robot: cob4-20 in env: empty
[3.985s] testing for robot: cob4-23 in env: empty
[3.986s] testing for robot: cob4-24 in env: empty
[3.987s] testing for robot: cob4-25 in env: empty
[3.988s] testing for robot: raw3-1 in env: empty
[3.989s] testing for robot: raw3-3 in env: empty
[3.990s] testing for robot: raw3-5 in env: empty
[3.991s] -- +++ processing catkin package: 'cob_navigation_local'
[3.991s] -- ==> add_subdirectory(cob_navigation/cob_navigation_local)
[4.102s] testing for robot: cob4-3
[4.103s] testing for robot: cob4-4
[4.104s] testing for robot: cob4-5
[4.105s] testing for robot: cob4-6
[4.106s] testing for robot: cob4-7
[4.107s] testing for robot: cob4-8
[4.108s] testing for robot: cob4-9
[4.109s] testing for robot: cob4-10
[4.110s] testing for robot: cob4-11
[4.111s] testing for robot: cob4-13
[4.112s] testing for robot: cob4-16
[4.113s] testing for robot: cob4-18
[4.114s] testing for robot: cob4-20
[4.115s] testing for robot: cob4-23
[4.116s] testing for robot: cob4-24
[4.117s] testing for robot: cob4-25
[4.118s] testing for robot: raw3-1
[4.119s] testing for robot: raw3-3
[4.120s] testing for robot: raw3-5
[4.121s] -- +++ processing catkin package: 'joint_trajectory_action'
[4.121s] -- ==> add_subdirectory(pr2_controllers/joint_trajectory_action)
[4.162s] -- Using these message generators: gencpp;geneus;genlisp;gennodejs;genpy
[4.225s] -- Found Boost: /usr/lib/x86_64-linux-gnu/cmake/Boost-1.71.0/BoostConfig.cmake (found version "1.71.0") found components: thread 
[4.336s] -- +++ processing catkin package: 'cob_object_detection_msgs'
[4.336s] -- ==> add_subdirectory(cob_object_detection_msgs)
[4.353s] -- Using these message generators: gencpp;geneus;genlisp;gennodejs;genpy
[4.410s] -- Generating .msg files for action cob_object_detection_msgs/AcquireObjectImage /home/ryan/seirios-ros/src/movel_planning/coverage-path-planning/installation_dependencies/src/cob_object_detection_msgs/action/AcquireObjectImage.action
[4.428s] Generating for action AcquireObjectImage
[4.432s] -- Generating .msg files for action cob_object_detection_msgs/DetectObjects /home/ryan/seirios-ros/src/movel_planning/coverage-path-planning/installation_dependencies/src/cob_object_detection_msgs/action/DetectObjects.action
[4.451s] Generating for action DetectObjects
[4.454s] -- Generating .msg files for action cob_object_detection_msgs/TrainObject /home/ryan/seirios-ros/src/movel_planning/coverage-path-planning/installation_dependencies/src/cob_object_detection_msgs/action/TrainObject.action
[4.473s] Generating for action TrainObject
[4.602s] -- cob_object_detection_msgs: 28 messages, 8 services
[4.763s] -- Installing devel-space wrapper /home/ryan/seirios-ros/src/movel_planning/coverage-path-planning/installation_dependencies/src/cob_object_detection_msgs/test/detection_component_testing.py to /home/ryan/seirios-ros/src/movel_planning/coverage-path-planning/installation_dependencies/build/Project/devel/lib/cob_object_detection_msgs
[4.763s] -- +++ processing catkin package: 'cob_3d_mapping_msgs'
[4.763s] -- ==> add_subdirectory(cob_3d_mapping_msgs)
[4.781s] -- Using these message generators: gencpp;geneus;genlisp;gennodejs;genpy
[4.869s] -- Generating .msg files for action cob_3d_mapping_msgs/PlaneExtraction /home/ryan/seirios-ros/src/movel_planning/coverage-path-planning/installation_dependencies/src/cob_3d_mapping_msgs/action/PlaneExtraction.action
[4.887s] Generating for action PlaneExtraction
[4.891s] -- Generating .msg files for action cob_3d_mapping_msgs/TableObjectCluster /home/ryan/seirios-ros/src/movel_planning/coverage-path-planning/installation_dependencies/src/cob_3d_mapping_msgs/action/TableObjectCluster.action
[4.909s] Generating for action TableObjectCluster
[4.912s] -- Generating .msg files for action cob_3d_mapping_msgs/Trigger /home/ryan/seirios-ros/src/movel_planning/coverage-path-planning/installation_dependencies/src/cob_3d_mapping_msgs/action/Trigger.action
[4.930s] Generating for action Trigger
[5.071s] -- cob_3d_mapping_msgs: 33 messages, 13 services
[5.244s] -- +++ processing catkin package: 'cob_phidgets'
[5.244s] -- ==> add_subdirectory(cob_driver/cob_phidgets)
[5.251s] -- Using these message generators: gencpp;geneus;genlisp;gennodejs;genpy
[5.426s] -- cob_phidgets: 2 messages, 3 services
[5.548s] -- Installing devel-space wrapper /home/ryan/seirios-ros/src/movel_planning/coverage-path-planning/installation_dependencies/src/cob_driver/cob_phidgets/ros/src/simulated_range_sensors.py to /home/ryan/seirios-ros/src/movel_planning/coverage-path-planning/installation_dependencies/build/Project/devel/lib/cob_phidgets/ros/src
[5.548s] -- +++ processing catkin package: 'single_joint_position_action'
[5.548s] -- ==> add_subdirectory(pr2_controllers/single_joint_position_action)
[5.584s] -- Using these message generators: gencpp;geneus;genlisp;gennodejs;genpy
[5.764s] -- +++ processing catkin package: 'cob_map_accessibility_analysis'
[5.764s] -- ==> add_subdirectory(cob_navigation/cob_map_accessibility_analysis)
[5.782s] -- Using these message generators: gencpp;geneus;genlisp;gennodejs;genpy
[6.212s] -- Found Boost: /usr/lib/x86_64-linux-gnu/cmake/Boost-1.71.0/BoostConfig.cmake (found version "1.71.0")  
[6.224s] -- Found OpenCV: /usr (found version "4.2.0") 
[6.533s] -- cob_map_accessibility_analysis: 0 messages, 2 services
[6.673s] -- Installing devel-space wrapper /home/ryan/seirios-ros/src/movel_planning/coverage-path-planning/installation_dependencies/src/cob_navigation/cob_map_accessibility_analysis/ros/scripts/example_blocked_goal_alternative.py to /home/ryan/seirios-ros/src/movel_planning/coverage-path-planning/installation_dependencies/build/Project/devel/lib/cob_map_accessibility_analysis
[6.674s] -- +++ processing catkin package: 'pr2_head_action'
[6.674s] -- ==> add_subdirectory(pr2_controllers/pr2_head_action)
[6.700s] -- Using these message generators: gencpp;geneus;genlisp;gennodejs;genpy
[6.855s] -- Found Boost: /usr/lib/x86_64-linux-gnu/cmake/Boost-1.71.0/BoostConfig.cmake (found version "1.71.0") found components: thread 
[6.969s] -- +++ processing catkin package: 'pr2_mechanism_model'
[6.969s] -- ==> add_subdirectory(pr2_mechanism/pr2_mechanism_model)
[7.091s] -- Found TinyXML: /usr/lib/x86_64-linux-gnu/libtinyxml.so  
[7.221s] -- Found PkgConfig: /usr/bin/pkg-config (found version "0.29.1") 
[7.222s] -- Checking for module 'urdfdom'
[7.233s] --   Found urdfdom, version 1.0.4
[7.267s] Install RPATH for pr2_mechanism_model is /home/ryan/seirios-ros/src/movel_planning/coverage-path-planning/installation_dependencies/install/Project/lib:/opt/ros/noetic/lib:/opt/ros/noetic/lib/x86_64-linux-gnu
[7.270s] -- +++ processing catkin package: 'pr2_controller_interface'
[7.270s] -- ==> add_subdirectory(pr2_mechanism/pr2_controller_interface)
[7.511s] -- +++ processing catkin package: 'ethercat_trigger_controllers'
[7.511s] -- ==> add_subdirectory(pr2_controllers/ethercat_trigger_controllers)
[7.613s] -- Using these message generators: gencpp;geneus;genlisp;gennodejs;genpy
[7.760s] -- ethercat_trigger_controllers: 2 messages, 2 services
[7.880s] Install RPATH for ethercat_trigger_controllers is /home/ryan/seirios-ros/src/movel_planning/coverage-path-planning/installation_dependencies/install/Project/lib:/opt/ros/noetic/lib:/opt/ros/noetic/lib/x86_64-linux-gnu
[7.880s] -- +++ processing catkin package: 'pr2_mechanism_diagnostics'
[7.880s] -- ==> add_subdirectory(pr2_mechanism/pr2_mechanism_diagnostics)
[7.939s] -- Could NOT find pr2_mechanism_msgs (missing: pr2_mechanism_msgs_DIR)
[7.939s] -- Could not find the required component 'pr2_mechanism_msgs'. The following CMake error indicates that you either need to install the package with the same name or change your environment so that it can be found.
[7.939s] CMake Error at /opt/ros/noetic/share/catkin/cmake/catkinConfig.cmake:83 (find_package):
[7.939s]   Could not find a package configuration file provided by
[7.939s]   "pr2_mechanism_msgs" with any of the following names:
[7.939s] 
[7.939s]     pr2_mechanism_msgsConfig.cmake
[7.939s]     pr2_mechanism_msgs-config.cmake
[7.939s] 
[7.939s]   Add the installation prefix of "pr2_mechanism_msgs" to CMAKE_PREFIX_PATH or
[7.939s]   set "pr2_mechanism_msgs_DIR" to a directory containing one of the above
[7.939s]   files.  If "pr2_mechanism_msgs" provides a separate development package or
[7.939s]   SDK, be sure it has been installed.
[7.939s] Call Stack (most recent call first):
[7.939s]   pr2_mechanism/pr2_mechanism_diagnostics/CMakeLists.txt:6 (find_package)
[7.939s] 
[7.939s] 
[7.948s] -- Configuring incomplete, errors occurred!
[7.948s] See also "/home/ryan/seirios-ros/src/movel_planning/coverage-path-planning/installation_dependencies/build/Project/CMakeFiles/CMakeOutput.log".
[7.948s] See also "/home/ryan/seirios-ros/src/movel_planning/coverage-path-planning/installation_dependencies/build/Project/CMakeFiles/CMakeError.log".
[7.970s] Invoked command in '/home/ryan/seirios-ros/src/movel_planning/coverage-path-planning/installation_dependencies/build/Project' returned '1': PS1=\[\e[1;32m\][ryl]\[\e[39m\]\[\e[1;36m\]\t \[\e[39m\]\[\e[1;34m\]\u\[\e[1;37m\]\[\e[39m\]:\[\e[1;37m\]\w\[\e[39m\]\[\e[1;33m\]$(__git_ps1 ' (%s)')\[\e[39m\]\[\e[1;31m\]$(git_warning)\[\e[39m\] \[\e[1;34m\]$\[\e[39m\]\[\e[0m\] /usr/bin/cmake /home/ryan/seirios-ros/src/movel_planning/coverage-path-planning/installation_dependencies/src -DCMAKE_INSTALL_PREFIX=/home/ryan/seirios-ros/src/movel_planning/coverage-path-planning/installation_dependencies/install/Project
